<?xml version="1.0" encoding="UTF-8"?>
<!-- Generated by org.testng.reporters.JUnitXMLReporter -->
<testsuite ignored="0" hostname="LAPTOP-OO0DI5VI" failures="0" tests="4" name="Default test" time="8.484" errors="0" timestamp="2025-10-13T14:23:40 IST">
  <testcase classname="api.testcases.UserTest2" name="testcreateUser" time="2.32"/>
  <testcase classname="api.testcases.UserTest2" name="testgetUserData" time="1.186"/>
  <testcase classname="api.testcases.UserTest2" name="testupdateUserData" time="2.294"/>
  <testcase classname="api.testcases.UserTest2" name="testdeleteUserData" time="2.14"/>
</testsuite> <!-- Default test -->
